
Showing logs for build [32mcb-kubecd-environment-pr-182-12-grmss-1[0m stage [32mfrom-build-pack[0m and container [32mstep-credential-initializer-m29xv[0m
{"level":"warn","ts":1584363709.6225348,"logger":"fallback-logger","caller":"logging/config.go:69","msg":"Fetch GitHub commit ID from kodata failed: \"ref: refs/heads/0.8.0-**-support-backwards-incompats\" is not a valid GitHub commit ID"}
{"level":"info","ts":1584363709.6239252,"logger":"fallback-logger","caller":"creds-init/main.go:40","msg":"Credentials initialized."}

Showing logs for build [32mcb-kubecd-environment-pr-182-12-grmss-1[0m stage [32mfrom-build-pack[0m and container [32mstep-working-dir-initializer-brn62[0m
{"level":"warn","ts":1584363710.0567813,"logger":"fallback-logger","caller":"logging/config.go:69","msg":"Fetch GitHub commit ID from kodata failed: open /var/run/ko/HEAD: no such file or directory"}
{"level":"info","ts":1584363710.0585985,"logger":"fallback-logger","caller":"bash/main.go:64","msg":"Successfully executed command \"sh -c mkdir -p /workspace/source\"; output "}

Showing logs for build [32mcb-kubecd-environment-pr-182-12-grmss-1[0m stage [32mfrom-build-pack[0m and container [32mstep-place-tools[0m

Showing logs for build [32mcb-kubecd-environment-pr-182-12-grmss-1[0m stage [32mfrom-build-pack[0m and container [32mstep-git-source-cb-kubecd-environment-pr-182-12-grmss-vmz2g[0m
{"level":"warn","ts":1584363714.1963525,"logger":"fallback-logger","caller":"logging/config.go:69","msg":"Fetch GitHub commit ID from kodata failed: \"ref: refs/heads/0.8.0-**-support-backwards-incompats\" is not a valid GitHub commit ID"}
{"level":"info","ts":1584363715.2243502,"logger":"fallback-logger","caller":"git/git.go:103","msg":"Successfully cloned https://github.com/cb-kubecd/environment-pr-182-120-gke-upgrade-production.git @ master in path /workspace/source"}

Showing logs for build [32mcb-kubecd-environment-pr-182-12-grmss-1[0m stage [32mfrom-build-pack[0m and container [32mstep-git-merge[0m
Using SHAs from PULL_REFS=master:cafd6f1391e29b688db90337aac47be9a9373c8f,1:7dfdb96b1de4d2a252b01bd90a7f2bca119673d7
DEBUG: LC_ALL=C JX_LOG_LEVEL=error git fetch origin --unshallow 7dfdb96b1de4d2a252b01bd90a7f2bca119673d7: cafd6f1391e29b688db90337aac47be9a9373c8f:
DEBUG: ran git fetch --unshallow origin 7dfdb96b1de4d2a252b01bd90a7f2bca119673d7: cafd6f1391e29b688db90337aac47be9a9373c8f: in 
DEBUG: LC_ALL=C JX_LOG_LEVEL=error git branch
DEBUG: LC_ALL=C JX_LOG_LEVEL=error git checkout master
DEBUG: ran git checkout master in 
DEBUG: LC_ALL=C JX_LOG_LEVEL=error git reset --hard cafd6f1391e29b688db90337aac47be9a9373c8f
DEBUG: ran git reset --hard cafd6f1391e29b688db90337aac47be9a9373c8f in 
DEBUG: LC_ALL=C JX_LOG_LEVEL=error git clean -fd .
DEBUG: ran clean --force -d . in 
DEBUG: LC_ALL=C JX_LOG_LEVEL=error git merge 7dfdb96b1de4d2a252b01bd90a7f2bca119673d7
DEBUG: ran git merge 7dfdb96b1de4d2a252b01bd90a7f2bca119673d7 in 
DEBUG: LC_ALL=C JX_LOG_LEVEL=error git log --format=%H%x1f%an%x1f%ae%x1f%cn%x1f%ce%x1f%s%n%b%x1e cafd6f1391e29b688db90337aac47be9a9373c8f..HEAD
Merged SHA 7dfdb96b1de4d2a252b01bd90a7f2bca119673d7 with commit message 'chore: Promote bdd-spring-1584362379 to version 0.0.1' into base branch master

Showing logs for build [32mcb-kubecd-environment-pr-182-12-grmss-1[0m stage [32mfrom-build-pack[0m and container [32mstep-build-helm-build[0m
WARNING: No $CHART_REPOSITORY defined so using the default value of: http://jenkins-x-chartmuseum:8080
Adding missing Helm repo: storage.googleapis.com https://storage.googleapis.com/chartmuseum.jenkins-x.io
WARNING: No secrets found on "helm/repos" due: reading the secret "helm/repos" from vault: no secret "helm/repos" not found in vault
Read credentials for https://storage.googleapis.com/chartmuseum.jenkins-x.io from vault helm/repos
Successfully added Helm repository storage.googleapis.com.
Adding missing Helm repo: jenkins-x-chartmuseum http://jenkins-x-chartmuseum:8080
WARNING: No secrets found on "helm/repos" due: reading the secret "helm/repos" from vault: no secret "helm/repos" not found in vault
Read credentials for http://jenkins-x-chartmuseum:8080 from vault helm/repos
Successfully added Helm repository jenkins-x-chartmuseum.
WARNING: No $CHART_REPOSITORY defined so using the default value of: http://jenkins-x-chartmuseum:8080
Adding missing Helm repo: chartmuseum.jenkins-x.io http://chartmuseum.jenkins-x.io
WARNING: No secrets found on "helm/repos" due: reading the secret "helm/repos" from vault: no secret "helm/repos" not found in vault
Read credentials for http://chartmuseum.jenkins-x.io from vault helm/repos
Successfully added Helm repository chartmuseum.jenkins-x.io.
